<?xml version="1.0" encoding="UTF-8"?>
<testsuite xmlns:xsi="http://www.w3.org/2001/XMLSchema-instance" xsi:noNamespaceSchemaLocation="https://maven.apache.org/surefire/maven-surefire-plugin/xsd/surefire-test-report.xsd" name="org.example.JUnit5Test" time="0.036" tests="11" errors="2" skipped="4" failures="4">
  <properties>
    <property name="java.specification.version" value="14"/>
    <property name="sun.jnu.encoding" value="UTF-8"/>
    <property name="java.class.path" value="/Users/mike/Projects/java-reporter-action/example/target/test-classes:/Users/mike/Projects/java-reporter-action/example/target/classes:/Users/mike/.m2/repository/junit/junit/4.13/junit-4.13.jar:/Users/mike/.m2/repository/org/hamcrest/hamcrest-core/1.3/hamcrest-core-1.3.jar:/Users/mike/.m2/repository/org/junit/jupiter/junit-jupiter/5.7.0/junit-jupiter-5.7.0.jar:/Users/mike/.m2/repository/org/junit/jupiter/junit-jupiter-api/5.7.0/junit-jupiter-api-5.7.0.jar:/Users/mike/.m2/repository/org/opentest4j/opentest4j/1.2.0/opentest4j-1.2.0.jar:/Users/mike/.m2/repository/org/junit/platform/junit-platform-commons/1.7.0/junit-platform-commons-1.7.0.jar:/Users/mike/.m2/repository/org/junit/jupiter/junit-jupiter-params/5.7.0/junit-jupiter-params-5.7.0.jar:/Users/mike/.m2/repository/org/junit/jupiter/junit-jupiter-engine/5.7.0/junit-jupiter-engine-5.7.0.jar:/Users/mike/.m2/repository/org/junit/vintage/junit-vintage-engine/5.7.0/junit-vintage-engine-5.7.0.jar:/Users/mike/.m2/repository/org/apiguardian/apiguardian-api/1.1.0/apiguardian-api-1.1.0.jar:/Users/mike/.m2/repository/org/junit/platform/junit-platform-engine/1.7.0/junit-platform-engine-1.7.0.jar:"/>
    <property name="java.vm.vendor" value="Oracle Corporation"/>
    <property name="sun.arch.data.model" value="64"/>
    <property name="java.vendor.url" value="https://openjdk.java.net/"/>
    <property name="os.name" value="Mac OS X"/>
    <property name="java.vm.specification.version" value="14"/>
    <property name="sun.java.launcher" value="SUN_STANDARD"/>
    <property name="user.country" value="CA"/>
    <property name="sun.boot.library.path" value="/usr/local/Cellar/openjdk/14.0.1/libexec/openjdk.jdk/Contents/Home/lib"/>
    <property name="sun.java.command" value="/Users/mike/Projects/java-reporter-action/example/target/surefire/surefirebooter9895663204086829297.jar /Users/mike/Projects/java-reporter-action/example/target/surefire 2020-12-25T20-42-33_779-jvmRun1 surefire4206585648417376143tmp surefire_04871815084687495993tmp"/>
    <property name="http.nonProxyHosts" value="local|*.local|169.254/16|*.169.254/16"/>
    <property name="jdk.debug" value="release"/>
    <property name="surefire.test.class.path" value="/Users/mike/Projects/java-reporter-action/example/target/test-classes:/Users/mike/Projects/java-reporter-action/example/target/classes:/Users/mike/.m2/repository/junit/junit/4.13/junit-4.13.jar:/Users/mike/.m2/repository/org/hamcrest/hamcrest-core/1.3/hamcrest-core-1.3.jar:/Users/mike/.m2/repository/org/junit/jupiter/junit-jupiter/5.7.0/junit-jupiter-5.7.0.jar:/Users/mike/.m2/repository/org/junit/jupiter/junit-jupiter-api/5.7.0/junit-jupiter-api-5.7.0.jar:/Users/mike/.m2/repository/org/opentest4j/opentest4j/1.2.0/opentest4j-1.2.0.jar:/Users/mike/.m2/repository/org/junit/platform/junit-platform-commons/1.7.0/junit-platform-commons-1.7.0.jar:/Users/mike/.m2/repository/org/junit/jupiter/junit-jupiter-params/5.7.0/junit-jupiter-params-5.7.0.jar:/Users/mike/.m2/repository/org/junit/jupiter/junit-jupiter-engine/5.7.0/junit-jupiter-engine-5.7.0.jar:/Users/mike/.m2/repository/org/junit/vintage/junit-vintage-engine/5.7.0/junit-vintage-engine-5.7.0.jar:/Users/mike/.m2/repository/org/apiguardian/apiguardian-api/1.1.0/apiguardian-api-1.1.0.jar:/Users/mike/.m2/repository/org/junit/platform/junit-platform-engine/1.7.0/junit-platform-engine-1.7.0.jar:"/>
    <property name="sun.cpu.endian" value="little"/>
    <property name="user.home" value="/Users/mike"/>
    <property name="user.language" value="en"/>
    <property name="java.specification.vendor" value="Oracle Corporation"/>
    <property name="java.version.date" value="2020-04-14"/>
    <property name="java.home" value="/usr/local/Cellar/openjdk/14.0.1/libexec/openjdk.jdk/Contents/Home"/>
    <property name="file.separator" value="/"/>
    <property name="basedir" value="/Users/mike/Projects/java-reporter-action/example"/>
    <property name="java.vm.compressedOopsMode" value="Zero based"/>
    <property name="line.separator" value="&#10;"/>
    <property name="java.specification.name" value="Java Platform API Specification"/>
    <property name="java.vm.specification.vendor" value="Oracle Corporation"/>
    <property name="surefire.real.class.path" value="/Users/mike/Projects/java-reporter-action/example/target/surefire/surefirebooter9895663204086829297.jar"/>
    <property name="sun.management.compiler" value="HotSpot 64-Bit Tiered Compilers"/>
    <property name="ftp.nonProxyHosts" value="local|*.local|169.254/16|*.169.254/16"/>
    <property name="java.runtime.version" value="14.0.1+14"/>
    <property name="user.name" value="mike"/>
    <property name="path.separator" value=":"/>
    <property name="os.version" value="10.15.4"/>
    <property name="java.runtime.name" value="OpenJDK Runtime Environment"/>
    <property name="file.encoding" value="UTF-8"/>
    <property name="java.vm.name" value="OpenJDK 64-Bit Server VM"/>
    <property name="localRepository" value="/Users/mike/.m2/repository"/>
    <property name="java.vendor.url.bug" value="https://bugreport.java.com/bugreport/"/>
    <property name="java.io.tmpdir" value="/var/folders/nn/7z3qgh292r13ffdq_hjbb_gr0000gn/T/"/>
    <property name="idea.version" value="2020.3"/>
    <property name="java.version" value="14.0.1"/>
    <property name="user.dir" value="/Users/mike/Projects/java-reporter-action/example"/>
    <property name="os.arch" value="x86_64"/>
    <property name="java.vm.specification.name" value="Java Virtual Machine Specification"/>
    <property name="java.library.path" value="/Users/mike/Library/Java/Extensions:/Library/Java/Extensions:/Network/Library/Java/Extensions:/System/Library/Java/Extensions:/usr/lib/java:."/>
    <property name="java.vm.info" value="mixed mode, sharing"/>
    <property name="java.vendor" value="N/A"/>
    <property name="java.vm.version" value="14.0.1+14"/>
    <property name="sun.io.unicode.encoding" value="UnicodeBig"/>
    <property name="socksNonProxyHosts" value="local|*.local|169.254/16|*.169.254/16"/>
    <property name="java.class.version" value="58.0"/>
  </properties>
  <testcase name="testAssertionFailureWithMessage" classname="org.example.JUnit5Test" time="0.021">
    <failure message="Assertion message ==&gt; expected: &lt;5&gt; but was: &lt;4&gt;" type="org.opentest4j.AssertionFailedError"><![CDATA[org.opentest4j.AssertionFailedError: Assertion message ==> expected: <5> but was: <4>
	at org.example.JUnit5Test.testAssertionFailureWithMessage(JUnit5Test.java:28)
]]></failure>
  </testcase>
  <testcase name="testError" classname="org.example.JUnit5Test" time="0">
    <error type="java.lang.RuntimeException">java.lang.RuntimeException
	at org.example.JUnit5Test.testError(JUnit5Test.java:43)
</error>
  </testcase>
  <testcase name="testPassing" classname="org.example.JUnit5Test" time="0.001"/>
  <testcase name="testFail" classname="org.example.JUnit5Test" time="0.001">
    <failure type="org.opentest4j.AssertionFailedError:">org.opentest4j.AssertionFailedError: 
	at org.example.JUnit5Test.testFail(JUnit5Test.java:33)
</failure>
  </testcase>
  <testcase name="testDisabledWithMessage" classname="org.example.JUnit5Test" time="0">
    <skipped message="Disable message"/>
  </testcase>
  <testcase name="testErrorWithMessage" classname="org.example.JUnit5Test" time="0.001">
    <error message="Error message" type="java.lang.RuntimeException">java.lang.RuntimeException: Error message
	at org.example.JUnit5Test.testErrorWithMessage(JUnit5Test.java:48)
</error>
  </testcase>
  <testcase name="testSkippedWithMessage" classname="org.example.JUnit5Test" time="0">
    <skipped message="Assumption failed: Assumption message" type="org.opentest4j.TestAbortedException">org.opentest4j.TestAbortedException: Assumption failed: Assumption message
	at org.example.JUnit5Test.testSkippedWithMessage(JUnit5Test.java:58)
</skipped>
  </testcase>
  <testcase name="testFailWithMessage" classname="org.example.JUnit5Test" time="0">
    <failure message="Failure message" type="org.opentest4j.AssertionFailedError">org.opentest4j.AssertionFailedError: Failure message
	at org.example.JUnit5Test.testFailWithMessage(JUnit5Test.java:38)
</failure>
  </testcase>
  <testcase name="testDisabled" classname="org.example.JUnit5Test" time="0">
    <skipped message="public void org.example.JUnit5Test.testDisabled() is @Disabled"/>
  </testcase>
  <testcase name="testAssertionFailure" classname="org.example.JUnit5Test" time="0.001">
    <failure message="expected: &lt;5&gt; but was: &lt;4&gt;" type="org.opentest4j.AssertionFailedError"><![CDATA[org.opentest4j.AssertionFailedError: expected: <5> but was: <4>
	at org.example.JUnit5Test.testAssertionFailure(JUnit5Test.java:22)
]]></failure>
  </testcase>
  <testcase name="testSkipped" classname="org.example.JUnit5Test" time="0">
    <skipped message="Assumption failed: assumption is not true" type="org.opentest4j.TestAbortedException">org.opentest4j.TestAbortedException: Assumption failed: assumption is not true
	at org.example.JUnit5Test.testSkipped(JUnit5Test.java:53)
</skipped>
  </testcase>
</testsuite>